<?xml version="1.0" encoding="UTF-8"?>
<!-- Generated by org.testng.reporters.JUnitReportReporter -->
<testsuite hostname="MadhusPC" failures="0" tests="1" name="testCases.TC001_AccountRegistrationTest" time="3.192" errors="0" timestamp="2025-09-26T09:06:45 IST" skipped="0">
  <testcase classname="testCases.TC001_AccountRegistrationTest" name="verify_account_registration" time="3.192"/>
</testsuite> <!-- testCases.TC001_AccountRegistrationTest -->
